<?xml version="1.0" encoding="UTF-8"?>
<!-- Generated by org.testng.reporters.JUnitReportReporter -->
<testsuite hostname="DESKTOP-FCRVB2C" failures="0" tests="1" name="com.honda.testcases.carsDropdownTest" time="3.935" errors="0" timestamp="2021-05-11T12:55:59 CDT" skipped="0">
  <testcase classname="com.honda.testcases.carsDropdownTest" name="testCarsDropdown" time="3.935"/>
  <system-out/>
</testsuite> <!-- com.honda.testcases.carsDropdownTest -->
